<?xml version="1.0" encoding="UTF-8"?>
<!-- Generated by org.testng.reporters.JUnitXMLReporter -->
<testsuite hostname="DESKTOP-97JUJ0O" failures="0" tests="3" name="Default test" time="57.487" errors="0" timestamp="11 Jul 2023 06:29:20 GMT">
  <testcase classname="com.ducdmd152.springboot.dsnackerstore.selenium.DDTSeleniumWithTestNGFramework" name="testAuthentication" time="17.465"/>
  <testcase classname="com.ducdmd152.springboot.dsnackerstore.selenium.DDTSeleniumWithTestNGFramework" name="testAuthentication" time="16.276"/>
  <testcase classname="com.ducdmd152.springboot.dsnackerstore.selenium.DDTSeleniumWithTestNGFramework" name="testAuthentication" time="16.142"/>
</testsuite> <!-- Default test -->
