<?xml version="1.0" encoding="UTF-8"?>
<testng-results total="3" passed="3" failed="0" skipped="0">
  <reporter-output>
  </reporter-output>
  <suite started-at="2023-07-11T06:28:22Z" name="Default suite" finished-at="2023-07-11T06:29:20Z" duration-ms="57487">
    <groups>
    </groups>
    <test started-at="2023-07-11T06:28:22Z" name="Default test" finished-at="2023-07-11T06:29:20Z" duration-ms="57487">
      <class name="com.ducdmd152.springboot.dsnackerstore.selenium.DDTSeleniumWithTestNGFramework">
        <test-method is-config="true" signature="setup()[pri:0, instance:com.ducdmd152.springboot.dsnackerstore.selenium.DDTSeleniumWithTestNGFramework@10cf09e8]" started-at="2023-07-11T13:28:22Z" name="setup" finished-at="2023-07-11T13:28:26Z" duration-ms="4380" status="PASS">
          <reporter-output>
          </reporter-output>
        </test-method> <!-- setup -->
        <test-method signature="testAuthentication(com.ducdmd152.springboot.dsnackerstore.users.UserInfo, boolean)[pri:0, instance:com.ducdmd152.springboot.dsnackerstore.selenium.DDTSeleniumWithTestNGFramework@10cf09e8]" started-at="2023-07-11T13:28:26Z" name="testAuthentication" description="This method validates the register &amp; login functionality" data-provider="users" finished-at="2023-07-11T13:28:44Z" duration-ms="17465" status="PASS">
          <params>
            <param index="0">
              <value>
                <![CDATA[com.ducdmd152.springboot.dsnackerstore.users.UserInfo@6bbe50c9]]>
              </value>
            </param>
            <param index="1">
              <value>
                <![CDATA[true]]>
              </value>
            </param>
          </params>
          <reporter-output>
          </reporter-output>
        </test-method> <!-- testAuthentication -->
        <test-method is-config="true" signature="tearDownMethod()[pri:0, instance:com.ducdmd152.springboot.dsnackerstore.selenium.DDTSeleniumWithTestNGFramework@10cf09e8]" started-at="2023-07-11T13:28:44Z" name="tearDownMethod" finished-at="2023-07-11T13:28:44Z" duration-ms="0" status="PASS">
          <reporter-output>
          </reporter-output>
        </test-method> <!-- tearDownMethod -->
        <test-method signature="testAuthentication(com.ducdmd152.springboot.dsnackerstore.users.UserInfo, boolean)[pri:0, instance:com.ducdmd152.springboot.dsnackerstore.selenium.DDTSeleniumWithTestNGFramework@10cf09e8]" started-at="2023-07-11T13:28:44Z" name="testAuthentication" description="This method validates the register &amp; login functionality" data-provider="users" finished-at="2023-07-11T13:29:00Z" duration-ms="16276" status="PASS">
          <params>
            <param index="0">
              <value>
                <![CDATA[com.ducdmd152.springboot.dsnackerstore.users.UserInfo@62573c86]]>
              </value>
            </param>
            <param index="1">
              <value>
                <![CDATA[true]]>
              </value>
            </param>
          </params>
          <reporter-output>
          </reporter-output>
        </test-method> <!-- testAuthentication -->
        <test-method is-config="true" signature="tearDownMethod()[pri:0, instance:com.ducdmd152.springboot.dsnackerstore.selenium.DDTSeleniumWithTestNGFramework@10cf09e8]" started-at="2023-07-11T13:29:00Z" name="tearDownMethod" finished-at="2023-07-11T13:29:00Z" duration-ms="0" status="PASS">
          <reporter-output>
          </reporter-output>
        </test-method> <!-- tearDownMethod -->
        <test-method signature="testAuthentication(com.ducdmd152.springboot.dsnackerstore.users.UserInfo, boolean)[pri:0, instance:com.ducdmd152.springboot.dsnackerstore.selenium.DDTSeleniumWithTestNGFramework@10cf09e8]" started-at="2023-07-11T13:29:00Z" name="testAuthentication" description="This method validates the register &amp; login functionality" data-provider="users" finished-at="2023-07-11T13:29:16Z" duration-ms="16142" status="PASS">
          <params>
            <param index="0">
              <value>
                <![CDATA[com.ducdmd152.springboot.dsnackerstore.users.UserInfo@6f3e19b3]]>
              </value>
            </param>
            <param index="1">
              <value>
                <![CDATA[true]]>
              </value>
            </param>
          </params>
          <reporter-output>
          </reporter-output>
        </test-method> <!-- testAuthentication -->
        <test-method is-config="true" signature="tearDownMethod()[pri:0, instance:com.ducdmd152.springboot.dsnackerstore.selenium.DDTSeleniumWithTestNGFramework@10cf09e8]" started-at="2023-07-11T13:29:16Z" name="tearDownMethod" finished-at="2023-07-11T13:29:16Z" duration-ms="1" status="PASS">
          <reporter-output>
          </reporter-output>
        </test-method> <!-- tearDownMethod -->
        <test-method is-config="true" signature="tearDownClass()[pri:0, instance:com.ducdmd152.springboot.dsnackerstore.selenium.DDTSeleniumWithTestNGFramework@10cf09e8]" started-at="2023-07-11T13:29:16Z" name="tearDownClass" finished-at="2023-07-11T13:29:20Z" duration-ms="3186" status="PASS">
          <reporter-output>
          </reporter-output>
        </test-method> <!-- tearDownClass -->
      </class> <!-- com.ducdmd152.springboot.dsnackerstore.selenium.DDTSeleniumWithTestNGFramework -->
    </test> <!-- Default test -->
  </suite> <!-- Default suite -->
</testng-results>
